{"timestamp":"2026-02-24T13:40:02.083441Z","level":"info","event":"DAG bundles loaded: dags-folder, example_dags","logger":"airflow.dag_processing.bundles.manager.DagBundlesManager","filename":"manager.py","lineno":179}
{"timestamp":"2026-02-24T13:40:02.086868Z","level":"info","event":"Filling up the DagBag from /opt/airflow/dags/weather_dag.py","logger":"airflow.models.dagbag.BundleDagBag","filename":"dagbag.py","lineno":593}
{"timestamp":"2026-02-24T13:40:02.171666Z","level":"info","event":"Criando engine","logger":"root","filename":"load_data.py","lineno":24}
{"timestamp":"2026-02-24T13:40:02.190484Z","level":"warning","event":"The `airflow.decorators.dag` attribute is deprecated. Please use `'airflow.sdk.dag'`.","category":"DeprecatedImportWarning","filename":"/opt/airflow/dags/weather_dag.py","lineno":2,"logger":"py.warnings"}
{"timestamp":"2026-02-24T13:40:02.190737Z","level":"warning","event":"The `airflow.decorators.task` attribute is deprecated. Please use `'airflow.sdk.task'`.","category":"DeprecatedImportWarning","filename":"/opt/airflow/dags/weather_dag.py","lineno":2,"logger":"py.warnings"}
{"timestamp":"2026-02-24T13:40:02.216645Z","level":"info","event":"Task instance is in running state","logger":"task.stdout"}
{"timestamp":"2026-02-24T13:40:02.217601Z","level":"info","event":" Previous state of the Task instance: TaskInstanceState.QUEUED","logger":"task.stdout"}
{"timestamp":"2026-02-24T13:40:02.218185Z","level":"info","event":"Current task name:transform","logger":"task.stdout"}
{"timestamp":"2026-02-24T13:40:02.218535Z","level":"info","event":"Dag name:weather_etl_dag","logger":"task.stdout"}
{"timestamp":"2026-02-24T13:40:02.219499Z","level":"info","event":"Iniciando transformações dos dados","logger":"task.stdout"}
{"timestamp":"2026-02-24T13:40:02.219521Z","level":"info","event":"Criando dataframe a partir do arquivo json","logger":"root","filename":"transform_data.py","lineno":45}
{"timestamp":"2026-02-24T13:40:02.227007Z","level":"info","event":"Dataframe criado com sucesso com 1 linhas","logger":"root","filename":"transform_data.py","lineno":57}
{"timestamp":"2026-02-24T13:40:02.231111Z","level":"info","event":"Colunas de weather normalizadas","logger":"root","filename":"transform_data.py","lineno":72}
{"timestamp":"2026-02-24T13:40:02.231355Z","level":"info","event":"Removendo colunas: ['weather_icon', 'sys.type']","logger":"root","filename":"transform_data.py","lineno":78}
{"timestamp":"2026-02-24T13:40:02.232488Z","level":"info","event":"Colunas ['weather_icon', 'sys.type'] removidas","logger":"root","filename":"transform_data.py","lineno":81}
{"timestamp":"2026-02-24T13:40:02.233451Z","level":"info","event":"Colunas renomeadas","logger":"root","filename":"transform_data.py","lineno":87}
{"timestamp":"2026-02-24T13:40:02.233621Z","level":"info","event":"Normalizando colunas de datetime: ['datetime', 'sunrise', 'sunset']","logger":"root","filename":"transform_data.py","lineno":91}
{"timestamp":"2026-02-24T13:40:02.238742Z","level":"info","event":"Colunas de datetime normalizadas","logger":"root","filename":"transform_data.py","lineno":94}
{"timestamp":"2026-02-24T13:40:02.238929Z","level":"info","event":"Transformações realizadas com sucesso","logger":"root","filename":"transform_data.py","lineno":105}
{"timestamp":"2026-02-24T13:40:02.301355Z","level":"info","event":"Done. Returned value was: None","logger":"airflow.task.operators.airflow.providers.standard.decorators.python._PythonDecoratedOperator","filename":"python.py","lineno":230}
{"timestamp":"2026-02-24T13:40:02.327967Z","level":"info","event":"Task instance in success state","logger":"task.stdout"}
{"timestamp":"2026-02-24T13:40:02.328783Z","level":"info","event":" Previous state of the Task instance: TaskInstanceState.RUNNING","logger":"task.stdout"}
{"timestamp":"2026-02-24T13:40:02.329524Z","level":"info","event":"Task operator:<Task(_PythonDecoratedOperator): transform>","logger":"task.stdout"}
